<?xml version="1.0" encoding="UTF-8"?>
<testsuite xmlns:xsi="http://www.w3.org/2001/XMLSchema-instance" xsi:noNamespaceSchemaLocation="https://maven.apache.org/surefire/maven-surefire-plugin/xsd/surefire-test-report.xsd" version="3.0.2" name="TestSuite" time="15.524" tests="1" errors="0" skipped="0" failures="0">
  <properties>
    <property name="java.specification.version" value="24"/>
    <property name="sun.jnu.encoding" value="UTF-8"/>
    <property name="java.class.path" value="/Users/breadfast/IdeaProjects/githubactionspoc/target/test-classes:/Users/breadfast/IdeaProjects/githubactionspoc/target/classes:/Users/breadfast/.m2/repository/org/seleniumhq/selenium/selenium-java/4.35.0/selenium-java-4.35.0.jar:/Users/breadfast/.m2/repository/org/seleniumhq/selenium/selenium-api/4.35.0/selenium-api-4.35.0.jar:/Users/breadfast/.m2/repository/org/jspecify/jspecify/1.0.0/jspecify-1.0.0.jar:/Users/breadfast/.m2/repository/org/seleniumhq/selenium/selenium-chrome-driver/4.35.0/selenium-chrome-driver-4.35.0.jar:/Users/breadfast/.m2/repository/com/google/auto/service/auto-service-annotations/1.1.1/auto-service-annotations-1.1.1.jar:/Users/breadfast/.m2/repository/org/seleniumhq/selenium/selenium-chromium-driver/4.35.0/selenium-chromium-driver-4.35.0.jar:/Users/breadfast/.m2/repository/org/seleniumhq/selenium/selenium-json/4.35.0/selenium-json-4.35.0.jar:/Users/breadfast/.m2/repository/org/seleniumhq/selenium/selenium-manager/4.35.0/selenium-manager-4.35.0.jar:/Users/breadfast/.m2/repository/org/seleniumhq/selenium/selenium-devtools-v137/4.35.0/selenium-devtools-v137-4.35.0.jar:/Users/breadfast/.m2/repository/org/seleniumhq/selenium/selenium-devtools-v138/4.35.0/selenium-devtools-v138-4.35.0.jar:/Users/breadfast/.m2/repository/org/seleniumhq/selenium/selenium-devtools-v139/4.35.0/selenium-devtools-v139-4.35.0.jar:/Users/breadfast/.m2/repository/org/seleniumhq/selenium/selenium-edge-driver/4.35.0/selenium-edge-driver-4.35.0.jar:/Users/breadfast/.m2/repository/org/seleniumhq/selenium/selenium-firefox-driver/4.35.0/selenium-firefox-driver-4.35.0.jar:/Users/breadfast/.m2/repository/org/seleniumhq/selenium/selenium-http/4.35.0/selenium-http-4.35.0.jar:/Users/breadfast/.m2/repository/org/seleniumhq/selenium/selenium-ie-driver/4.35.0/selenium-ie-driver-4.35.0.jar:/Users/breadfast/.m2/repository/org/seleniumhq/selenium/selenium-remote-driver/4.35.0/selenium-remote-driver-4.35.0.jar:/Users/breadfast/.m2/repository/com/google/guava/guava/33.4.8-jre/guava-33.4.8-jre.jar:/Users/breadfast/.m2/repository/com/google/guava/failureaccess/1.0.3/failureaccess-1.0.3.jar:/Users/breadfast/.m2/repository/com/google/guava/listenablefuture/9999.0-empty-to-avoid-conflict-with-guava/listenablefuture-9999.0-empty-to-avoid-conflict-with-guava.jar:/Users/breadfast/.m2/repository/com/google/j2objc/j2objc-annotations/3.0.0/j2objc-annotations-3.0.0.jar:/Users/breadfast/.m2/repository/io/opentelemetry/opentelemetry-api/1.53.0/opentelemetry-api-1.53.0.jar:/Users/breadfast/.m2/repository/io/opentelemetry/opentelemetry-context/1.53.0/opentelemetry-context-1.53.0.jar:/Users/breadfast/.m2/repository/io/opentelemetry/opentelemetry-common/1.53.0/opentelemetry-common-1.53.0.jar:/Users/breadfast/.m2/repository/io/opentelemetry/opentelemetry-exporter-logging/1.53.0/opentelemetry-exporter-logging-1.53.0.jar:/Users/breadfast/.m2/repository/io/opentelemetry/opentelemetry-sdk-common/1.53.0/opentelemetry-sdk-common-1.53.0.jar:/Users/breadfast/.m2/repository/io/opentelemetry/opentelemetry-sdk-extension-autoconfigure-spi/1.53.0/opentelemetry-sdk-extension-autoconfigure-spi-1.53.0.jar:/Users/breadfast/.m2/repository/io/opentelemetry/opentelemetry-sdk-extension-autoconfigure/1.53.0/opentelemetry-sdk-extension-autoconfigure-1.53.0.jar:/Users/breadfast/.m2/repository/io/opentelemetry/opentelemetry-sdk-trace/1.53.0/opentelemetry-sdk-trace-1.53.0.jar:/Users/breadfast/.m2/repository/io/opentelemetry/opentelemetry-sdk/1.53.0/opentelemetry-sdk-1.53.0.jar:/Users/breadfast/.m2/repository/io/opentelemetry/opentelemetry-sdk-metrics/1.53.0/opentelemetry-sdk-metrics-1.53.0.jar:/Users/breadfast/.m2/repository/io/opentelemetry/opentelemetry-sdk-logs/1.53.0/opentelemetry-sdk-logs-1.53.0.jar:/Users/breadfast/.m2/repository/net/bytebuddy/byte-buddy/1.17.6/byte-buddy-1.17.6.jar:/Users/breadfast/.m2/repository/org/seleniumhq/selenium/selenium-os/4.35.0/selenium-os-4.35.0.jar:/Users/breadfast/.m2/repository/org/apache/commons/commons-exec/1.5.0/commons-exec-1.5.0.jar:/Users/breadfast/.m2/repository/org/seleniumhq/selenium/selenium-safari-driver/4.35.0/selenium-safari-driver-4.35.0.jar:/Users/breadfast/.m2/repository/org/seleniumhq/selenium/selenium-support/4.35.0/selenium-support-4.35.0.jar:/Users/breadfast/.m2/repository/org/testng/testng/7.11.0/testng-7.11.0.jar:/Users/breadfast/.m2/repository/org/slf4j/slf4j-api/2.0.16/slf4j-api-2.0.16.jar:/Users/breadfast/.m2/repository/org/jcommander/jcommander/1.83/jcommander-1.83.jar:/Users/breadfast/.m2/repository/org/webjars/jquery/3.7.1/jquery-3.7.1.jar:/Users/breadfast/.m2/repository/io/github/bonigarcia/webdrivermanager/6.3.1/webdrivermanager-6.3.1.jar:/Users/breadfast/.m2/repository/com/google/code/gson/gson/2.13.1/gson-2.13.1.jar:/Users/breadfast/.m2/repository/com/google/errorprone/error_prone_annotations/2.38.0/error_prone_annotations-2.38.0.jar:/Users/breadfast/.m2/repository/com/github/docker-java/docker-java/3.6.0/docker-java-3.6.0.jar:/Users/breadfast/.m2/repository/com/github/docker-java/docker-java-core/3.6.0/docker-java-core-3.6.0.jar:/Users/breadfast/.m2/repository/com/github/docker-java/docker-java-api/3.6.0/docker-java-api-3.6.0.jar:/Users/breadfast/.m2/repository/com/fasterxml/jackson/core/jackson-annotations/2.19.2/jackson-annotations-2.19.2.jar:/Users/breadfast/.m2/repository/com/fasterxml/jackson/core/jackson-databind/2.19.2/jackson-databind-2.19.2.jar:/Users/breadfast/.m2/repository/com/fasterxml/jackson/core/jackson-core/2.19.2/jackson-core-2.19.2.jar:/Users/breadfast/.m2/repository/org/slf4j/jcl-over-slf4j/1.7.30/jcl-over-slf4j-1.7.30.jar:/Users/breadfast/.m2/repository/com/github/docker-java/docker-java-transport-httpclient5/3.6.0/docker-java-transport-httpclient5-3.6.0.jar:/Users/breadfast/.m2/repository/com/github/docker-java/docker-java-transport/3.6.0/docker-java-transport-3.6.0.jar:/Users/breadfast/.m2/repository/net/java/dev/jna/jna/5.17.0/jna-5.17.0.jar:/Users/breadfast/.m2/repository/org/brotli/dec/0.1.2/dec-0.1.2.jar:/Users/breadfast/.m2/repository/org/apache/commons/commons-lang3/3.18.0/commons-lang3-3.18.0.jar:/Users/breadfast/.m2/repository/org/apache/commons/commons-compress/1.28.0/commons-compress-1.28.0.jar:/Users/breadfast/.m2/repository/commons-codec/commons-codec/1.19.0/commons-codec-1.19.0.jar:/Users/breadfast/.m2/repository/commons-io/commons-io/2.20.0/commons-io-2.20.0.jar:/Users/breadfast/.m2/repository/org/apache/httpcomponents/client5/httpclient5/5.4.3/httpclient5-5.4.3.jar:/Users/breadfast/.m2/repository/org/apache/httpcomponents/core5/httpcore5/5.3.4/httpcore5-5.3.4.jar:/Users/breadfast/.m2/repository/org/apache/httpcomponents/core5/httpcore5-h2/5.3.4/httpcore5-h2-5.3.4.jar:/Users/breadfast/.m2/repository/com/browserstack/browserstack-java-sdk/1.40.1/browserstack-java-sdk-1.40.1.jar:/Users/breadfast/.m2/repository/ch/qos/logback/logback-classic/1.5.7/logback-classic-1.5.7.jar:/Users/breadfast/.m2/repository/ch/qos/logback/logback-core/1.5.7/logback-core-1.5.7.jar:"/>
    <property name="java.vm.vendor" value="Homebrew"/>
    <property name="sun.arch.data.model" value="64"/>
    <property name="java.vendor.url" value="https://github.com/Homebrew/homebrew-core/issues"/>
    <property name="user.timezone" value="Africa/Cairo"/>
    <property name="os.name" value="Mac OS X"/>
    <property name="java.vm.specification.version" value="24"/>
    <property name="sun.java.launcher" value="SUN_STANDARD"/>
    <property name="user.country" value="EG"/>
    <property name="BROWSERSTACK_LOG_DIR" value="/Users/breadfast/IdeaProjects/githubactionspoc/log"/>
    <property name="sun.boot.library.path" value="/opt/homebrew/Cellar/openjdk/24.0.2/libexec/openjdk.jdk/Contents/Home/lib"/>
    <property name="sun.java.command" value="/Users/breadfast/IdeaProjects/githubactionspoc/target/surefire/surefirebooter-20250907131055335_3.jar /Users/breadfast/IdeaProjects/githubactionspoc/target/surefire 2025-09-07T13-10-55_279-jvmRun1 surefire-20250907131055335_1tmp surefire_0-20250907131055335_2tmp"/>
    <property name="http.nonProxyHosts" value="local|*.local|169.254/16|*.169.254/16"/>
    <property name="jdk.debug" value="release"/>
    <property name="surefire.test.class.path" value="/Users/breadfast/IdeaProjects/githubactionspoc/target/test-classes:/Users/breadfast/IdeaProjects/githubactionspoc/target/classes:/Users/breadfast/.m2/repository/org/seleniumhq/selenium/selenium-java/4.35.0/selenium-java-4.35.0.jar:/Users/breadfast/.m2/repository/org/seleniumhq/selenium/selenium-api/4.35.0/selenium-api-4.35.0.jar:/Users/breadfast/.m2/repository/org/jspecify/jspecify/1.0.0/jspecify-1.0.0.jar:/Users/breadfast/.m2/repository/org/seleniumhq/selenium/selenium-chrome-driver/4.35.0/selenium-chrome-driver-4.35.0.jar:/Users/breadfast/.m2/repository/com/google/auto/service/auto-service-annotations/1.1.1/auto-service-annotations-1.1.1.jar:/Users/breadfast/.m2/repository/org/seleniumhq/selenium/selenium-chromium-driver/4.35.0/selenium-chromium-driver-4.35.0.jar:/Users/breadfast/.m2/repository/org/seleniumhq/selenium/selenium-json/4.35.0/selenium-json-4.35.0.jar:/Users/breadfast/.m2/repository/org/seleniumhq/selenium/selenium-manager/4.35.0/selenium-manager-4.35.0.jar:/Users/breadfast/.m2/repository/org/seleniumhq/selenium/selenium-devtools-v137/4.35.0/selenium-devtools-v137-4.35.0.jar:/Users/breadfast/.m2/repository/org/seleniumhq/selenium/selenium-devtools-v138/4.35.0/selenium-devtools-v138-4.35.0.jar:/Users/breadfast/.m2/repository/org/seleniumhq/selenium/selenium-devtools-v139/4.35.0/selenium-devtools-v139-4.35.0.jar:/Users/breadfast/.m2/repository/org/seleniumhq/selenium/selenium-edge-driver/4.35.0/selenium-edge-driver-4.35.0.jar:/Users/breadfast/.m2/repository/org/seleniumhq/selenium/selenium-firefox-driver/4.35.0/selenium-firefox-driver-4.35.0.jar:/Users/breadfast/.m2/repository/org/seleniumhq/selenium/selenium-http/4.35.0/selenium-http-4.35.0.jar:/Users/breadfast/.m2/repository/org/seleniumhq/selenium/selenium-ie-driver/4.35.0/selenium-ie-driver-4.35.0.jar:/Users/breadfast/.m2/repository/org/seleniumhq/selenium/selenium-remote-driver/4.35.0/selenium-remote-driver-4.35.0.jar:/Users/breadfast/.m2/repository/com/google/guava/guava/33.4.8-jre/guava-33.4.8-jre.jar:/Users/breadfast/.m2/repository/com/google/guava/failureaccess/1.0.3/failureaccess-1.0.3.jar:/Users/breadfast/.m2/repository/com/google/guava/listenablefuture/9999.0-empty-to-avoid-conflict-with-guava/listenablefuture-9999.0-empty-to-avoid-conflict-with-guava.jar:/Users/breadfast/.m2/repository/com/google/j2objc/j2objc-annotations/3.0.0/j2objc-annotations-3.0.0.jar:/Users/breadfast/.m2/repository/io/opentelemetry/opentelemetry-api/1.53.0/opentelemetry-api-1.53.0.jar:/Users/breadfast/.m2/repository/io/opentelemetry/opentelemetry-context/1.53.0/opentelemetry-context-1.53.0.jar:/Users/breadfast/.m2/repository/io/opentelemetry/opentelemetry-common/1.53.0/opentelemetry-common-1.53.0.jar:/Users/breadfast/.m2/repository/io/opentelemetry/opentelemetry-exporter-logging/1.53.0/opentelemetry-exporter-logging-1.53.0.jar:/Users/breadfast/.m2/repository/io/opentelemetry/opentelemetry-sdk-common/1.53.0/opentelemetry-sdk-common-1.53.0.jar:/Users/breadfast/.m2/repository/io/opentelemetry/opentelemetry-sdk-extension-autoconfigure-spi/1.53.0/opentelemetry-sdk-extension-autoconfigure-spi-1.53.0.jar:/Users/breadfast/.m2/repository/io/opentelemetry/opentelemetry-sdk-extension-autoconfigure/1.53.0/opentelemetry-sdk-extension-autoconfigure-1.53.0.jar:/Users/breadfast/.m2/repository/io/opentelemetry/opentelemetry-sdk-trace/1.53.0/opentelemetry-sdk-trace-1.53.0.jar:/Users/breadfast/.m2/repository/io/opentelemetry/opentelemetry-sdk/1.53.0/opentelemetry-sdk-1.53.0.jar:/Users/breadfast/.m2/repository/io/opentelemetry/opentelemetry-sdk-metrics/1.53.0/opentelemetry-sdk-metrics-1.53.0.jar:/Users/breadfast/.m2/repository/io/opentelemetry/opentelemetry-sdk-logs/1.53.0/opentelemetry-sdk-logs-1.53.0.jar:/Users/breadfast/.m2/repository/net/bytebuddy/byte-buddy/1.17.6/byte-buddy-1.17.6.jar:/Users/breadfast/.m2/repository/org/seleniumhq/selenium/selenium-os/4.35.0/selenium-os-4.35.0.jar:/Users/breadfast/.m2/repository/org/apache/commons/commons-exec/1.5.0/commons-exec-1.5.0.jar:/Users/breadfast/.m2/repository/org/seleniumhq/selenium/selenium-safari-driver/4.35.0/selenium-safari-driver-4.35.0.jar:/Users/breadfast/.m2/repository/org/seleniumhq/selenium/selenium-support/4.35.0/selenium-support-4.35.0.jar:/Users/breadfast/.m2/repository/org/testng/testng/7.11.0/testng-7.11.0.jar:/Users/breadfast/.m2/repository/org/slf4j/slf4j-api/2.0.16/slf4j-api-2.0.16.jar:/Users/breadfast/.m2/repository/org/jcommander/jcommander/1.83/jcommander-1.83.jar:/Users/breadfast/.m2/repository/org/webjars/jquery/3.7.1/jquery-3.7.1.jar:/Users/breadfast/.m2/repository/io/github/bonigarcia/webdrivermanager/6.3.1/webdrivermanager-6.3.1.jar:/Users/breadfast/.m2/repository/com/google/code/gson/gson/2.13.1/gson-2.13.1.jar:/Users/breadfast/.m2/repository/com/google/errorprone/error_prone_annotations/2.38.0/error_prone_annotations-2.38.0.jar:/Users/breadfast/.m2/repository/com/github/docker-java/docker-java/3.6.0/docker-java-3.6.0.jar:/Users/breadfast/.m2/repository/com/github/docker-java/docker-java-core/3.6.0/docker-java-core-3.6.0.jar:/Users/breadfast/.m2/repository/com/github/docker-java/docker-java-api/3.6.0/docker-java-api-3.6.0.jar:/Users/breadfast/.m2/repository/com/fasterxml/jackson/core/jackson-annotations/2.19.2/jackson-annotations-2.19.2.jar:/Users/breadfast/.m2/repository/com/fasterxml/jackson/core/jackson-databind/2.19.2/jackson-databind-2.19.2.jar:/Users/breadfast/.m2/repository/com/fasterxml/jackson/core/jackson-core/2.19.2/jackson-core-2.19.2.jar:/Users/breadfast/.m2/repository/org/slf4j/jcl-over-slf4j/1.7.30/jcl-over-slf4j-1.7.30.jar:/Users/breadfast/.m2/repository/com/github/docker-java/docker-java-transport-httpclient5/3.6.0/docker-java-transport-httpclient5-3.6.0.jar:/Users/breadfast/.m2/repository/com/github/docker-java/docker-java-transport/3.6.0/docker-java-transport-3.6.0.jar:/Users/breadfast/.m2/repository/net/java/dev/jna/jna/5.17.0/jna-5.17.0.jar:/Users/breadfast/.m2/repository/org/brotli/dec/0.1.2/dec-0.1.2.jar:/Users/breadfast/.m2/repository/org/apache/commons/commons-lang3/3.18.0/commons-lang3-3.18.0.jar:/Users/breadfast/.m2/repository/org/apache/commons/commons-compress/1.28.0/commons-compress-1.28.0.jar:/Users/breadfast/.m2/repository/commons-codec/commons-codec/1.19.0/commons-codec-1.19.0.jar:/Users/breadfast/.m2/repository/commons-io/commons-io/2.20.0/commons-io-2.20.0.jar:/Users/breadfast/.m2/repository/org/apache/httpcomponents/client5/httpclient5/5.4.3/httpclient5-5.4.3.jar:/Users/breadfast/.m2/repository/org/apache/httpcomponents/core5/httpcore5/5.3.4/httpcore5-5.3.4.jar:/Users/breadfast/.m2/repository/org/apache/httpcomponents/core5/httpcore5-h2/5.3.4/httpcore5-h2-5.3.4.jar:/Users/breadfast/.m2/repository/com/browserstack/browserstack-java-sdk/1.40.1/browserstack-java-sdk-1.40.1.jar:/Users/breadfast/.m2/repository/ch/qos/logback/logback-classic/1.5.7/logback-classic-1.5.7.jar:/Users/breadfast/.m2/repository/ch/qos/logback/logback-core/1.5.7/logback-core-1.5.7.jar:"/>
    <property name="sun.cpu.endian" value="little"/>
    <property name="user.home" value="/Users/breadfast"/>
    <property name="user.language" value="en"/>
    <property name="java.specification.vendor" value="Oracle Corporation"/>
    <property name="java.version.date" value="2025-07-15"/>
    <property name="java.home" value="/opt/homebrew/Cellar/openjdk/24.0.2/libexec/openjdk.jdk/Contents/Home"/>
    <property name="file.separator" value="/"/>
    <property name="basedir" value="/Users/breadfast/IdeaProjects/githubactionspoc"/>
    <property name="java.vm.compressedOopsMode" value="Zero based"/>
    <property name="line.separator" value="&#10;"/>
    <property name="java.vm.specification.vendor" value="Oracle Corporation"/>
    <property name="java.specification.name" value="Java Platform API Specification"/>
    <property name="apple.awt.application.name" value="ForkedBooter"/>
    <property name="surefire.real.class.path" value="/Users/breadfast/IdeaProjects/githubactionspoc/target/surefire/surefirebooter-20250907131055335_3.jar"/>
    <property name="sun.management.compiler" value="HotSpot 64-Bit Tiered Compilers"/>
    <property name="ftp.nonProxyHosts" value="local|*.local|169.254/16|*.169.254/16"/>
    <property name="java.runtime.version" value="24.0.2"/>
    <property name="user.name" value="breadfast"/>
    <property name="stdout.encoding" value="UTF-8"/>
    <property name="path.separator" value=":"/>
    <property name="otel.metrics.exporter" value="none"/>
    <property name="os.version" value="15.6.1"/>
    <property name="java.runtime.name" value="OpenJDK Runtime Environment"/>
    <property name="otel.traces.exporter" value="none"/>
    <property name="file.encoding" value="UTF-8"/>
    <property name="java.vm.name" value="OpenJDK 64-Bit Server VM"/>
    <property name="java.vendor.version" value="Homebrew"/>
    <property name="localRepository" value="/Users/breadfast/.m2/repository"/>
    <property name="java.vendor.url.bug" value="https://github.com/Homebrew/homebrew-core/issues"/>
    <property name="otel.logs.exporter" value="none"/>
    <property name="java.io.tmpdir" value="/var/folders/l2/vb179l_173d86h03_5zpgnp40000gn/T/"/>
    <property name="java.version" value="24.0.2"/>
    <property name="user.dir" value="/Users/breadfast/IdeaProjects/githubactionspoc"/>
    <property name="os.arch" value="aarch64"/>
    <property name="java.vm.specification.name" value="Java Virtual Machine Specification"/>
    <property name="native.encoding" value="UTF-8"/>
    <property name="java.library.path" value="/Users/breadfast/Library/Java/Extensions:/Library/Java/Extensions:/Network/Library/Java/Extensions:/System/Library/Java/Extensions:/usr/lib/java:."/>
    <property name="java.vm.info" value="mixed mode, sharing"/>
    <property name="stderr.encoding" value="UTF-8"/>
    <property name="java.vendor" value="Homebrew"/>
    <property name="java.vm.version" value="24.0.2"/>
    <property name="sun.io.unicode.encoding" value="UnicodeBig"/>
    <property name="socksNonProxyHosts" value="local|*.local|169.254/16|*.169.254/16"/>
    <property name="java.class.version" value="68.0"/>
  </properties>
  <testcase name="testCases" classname="SimpleSeleniumTest" time="3.108">
    <system-out><![CDATA[13:10:55.532 [main] DEBUG org.testng.TestNG -- suiteXmlPath: "/Users/breadfast/IdeaProjects/githubactionspoc/src/test/resources/testng.xml"
<html lang="en-gb" prefix="og: http://ogp.me/ns# fb: http://ogp.me/ns/fb# booking_com: http://ogp.me/ns/fb/booking_com#" class=" b_bot b_bot supports_fontface supports_hyphens  hasJS" dir="ltr"><head><script async="" type="text/plain" src="https://www.googletagmanager.com/gtm.js?id=GTM-5Q664QZ" class="optanon-category-C0002-C0004 "></script><script type="text/javascript" nonce="zaZsZdJaPPNhmaT" src="https://cdn.cookielaw.org/consent/3ea94870-d4b1-483a-b1d2-faf1d982bb31/OtAutoBlock.js"></script>
<script type="text/javascript" nonce="zaZsZdJaPPNhmaT">
(function () {
document.addEventListener('click', function(e) {
if (e.target && e.target.classList.contains('ot-preference-center-footer')) {
e.preventDefault();
Optanon && Optanon.ToggleInfoDisplay();
}
});
document.addEventListener('cookie_banner_closed', function(e) {
if (window.PCM && window.B && window.B.et) {
window.B.et.goal((window.PCM.Marketing || window.PCM.Analytical) ? 'cookie_consent_accepted_policy_banner' : 'cookie_consent_declined_policy_banner');
}
});
})();
</script>
<script type="text/javascript" nonce="zaZsZdJaPPNhmaT">
window.PCM = {
config: {
isBanner: true,
domainUUID: '3ea94870-d4b1-483a-b1d2-faf1d982bb31',
isPCSIntegration: true,
shareConsentWithin: 'www.booking.com',
isCrossDomainCookieSharingEnabled: false,
nonce: 'zaZsZdJaPPNhmaT',
countryCode: 'gb',
isUserLoggedIn: false,
},
pcm_consent_cookie: ''
};
(()=>{let e,c=e=>{let n,t,o=new FormData,i={error:e.message||"",message:e.message||"",stack:e.stack||"",name:"js_errors",colno:0,lno:0,url:window.location.hostname+window.location.pathname,pid:(null==(t=null==(n=window.B)?void 0:n.env)?void 0:t.pageview_id)||1,be_running:1,be_column:0,be_line:0,be_stack:e.stack||"",be_message:e.message||"",be_file:window.location.hostname+window.location.pathname};Object.keys(i).forEach(e=>{o.append(e,i[e])}),window.fetch("/js_errors",{method:"POST",body:o}).catch(()=>!1)};window.cookieStore&&window.cookieStore.addEventListener("change",e=>{var n;null!=(n=null==e
Find your next stay
]]></system-out>
    <system-err><![CDATA[Sep 07, 2025 1:10:56 PM org.openqa.selenium.remote.tracing.opentelemetry.OpenTelemetryTracer createTracer
INFO: Using OpenTelemetry for tracing
]]></system-err>
  </testcase>
</testsuite>