<?xml version="1.0" encoding="UTF-8"?>
<!-- Generated by org.testng.reporters.JUnitReportReporter -->
<testsuite hostname="Breadfasts-MacBook-Pro-4.local" failures="0" tests="1" name="SimpleSeleniumTest" time="0.668" errors="0" timestamp="2025-09-08T16:44:16 EEST" skipped="0">
  <testcase classname="SimpleSeleniumTest" name="testCases" time="0.668"/>
</testsuite> <!-- SimpleSeleniumTest -->
