<?xml version="1.0" encoding="UTF-8"?>
<!-- Generated by org.testng.reporters.JUnitReportReporter -->
<testsuite hostname="Breadfasts-MacBook-Pro-4.local" failures="0" tests="1" name="SimpleSeleniumTest" time="0.024" errors="0" timestamp="2025-09-01T16:18:21 EEST" skipped="0">
  <testcase classname="SimpleSeleniumTest" name="testCases" time="0.024"/>
</testsuite> <!-- SimpleSeleniumTest -->
