<?xml version="1.0" encoding="UTF-8"?>
<!-- Generated by org.testng.reporters.JUnitReportReporter -->
<testsuite hostname="Breadfasts-MacBook-Pro-4.local" failures="0" tests="1" name="SimpleSeleniumTest" time="17.711" errors="0" timestamp="2025-09-07T12:54:36 EEST" skipped="0">
  <testcase classname="SimpleSeleniumTest" name="testCases" time="17.711"/>
</testsuite> <!-- SimpleSeleniumTest -->
